<?xml version="1.0" encoding="UTF-8" ?>
<testsuite errors="0" failures="0" hostname="murz-VAIO" name="expad.PostIntegrationTestTests" tests="1" time="0.08" timestamp="2013-03-10T16:38:48">
  <properties />
  <testcase classname="expad.PostIntegrationTestTests" name="testSomething" time="0.07" />
  <system-out><![CDATA[--Output from testSomething--
]]></system-out>
  <system-err><![CDATA[--Output from testSomething--
]]></system-err>
</testsuite>
