<?xml version="1.0" encoding="UTF-8" ?>
<testsuite errors="0" failures="1" hostname="murz-VAIO" name="expad.UserTests" tests="1" time="0.17" timestamp="2013-03-10T16:38:43">
  <properties />
  <testcase classname="expad.UserTests" name="testSomething" time="0.17">
    <failure message="junit.framework.AssertionFailedError: Implement me" type="junit.framework.AssertionFailedError">junit.framework.AssertionFailedError: junit.framework.AssertionFailedError: Implement me
	at expad.UserTests.testSomething(UserTests.groovy:15)
</failure>
  </testcase>
  <system-out><![CDATA[--Output from testSomething--
]]></system-out>
  <system-err><![CDATA[--Output from testSomething--
]]></system-err>
</testsuite>
